<?xml version="1.0" encoding="UTF-8"?>
<!-- Generated by org.testng.reporters.JUnitReportReporter -->
<testsuite hostname="DESKTOP-VLQ8BBP" failures="0" tests="3" name="Academy.HomepageTest" time="0.900" errors="0" timestamp="2021-08-05T21:39:07 IST" skipped="0">
  <testcase classname="Academy.HomepageTest" name="menubarnav" time="0.603"/>
  <system-out/>
  <testcase classname="Academy.HomepageTest" name="FeatureTextCheck" time="0.043"/>
  <system-out/>
  <testcase classname="Academy.HomepageTest" name="checkMenuBarContact" time="0.254"/>
  <system-out/>
</testsuite> <!-- Academy.HomepageTest -->
