<?xml version="1.0" encoding="UTF-8"?>
<!-- Generated by org.testng.reporters.JUnitReportReporter -->
<testsuite hostname="DESKTOP-EI461A6" failures="0" tests="2" name="Academy.Loginpagetest" time="2.514" errors="0" timestamp="2021-08-25T15:49:57 IST" skipped="0">
  <testcase classname="Academy.Loginpagetest" name="homepagelogin" time="0.836"/>
  <system-out/>
  <testcase classname="Academy.Loginpagetest" name="homepagelogin" time="1.678"/>
  <system-out/>
</testsuite> <!-- Academy.Loginpagetest -->
