<?xml version="1.0" encoding="UTF-8"?>
<!-- Generated by org.testng.reporters.JUnitReportReporter -->
<testsuite hostname="DESKTOP-VLQ8BBP" failures="0" tests="2" name="Academy.HomepageTest" time="0.197" errors="0" timestamp="2021-08-04T22:06:14 IST" skipped="0">
  <testcase classname="Academy.HomepageTest" name="checkMenuBarContact" time="0.163"/>
  <system-out/>
  <testcase classname="Academy.HomepageTest" name="FeatureTextCheck" time="0.034"/>
  <system-out/>
</testsuite> <!-- Academy.HomepageTest -->
