<?xml version="1.0" encoding="UTF-8"?>
<!-- Generated by org.testng.reporters.JUnitReportReporter -->
<testsuite hostname="DESKTOP-EI461A6" failures="0" tests="3" name="Academy.HomepageTest" time="2.458" errors="0" timestamp="2021-08-25T15:49:57 IST" skipped="0">
  <testcase classname="Academy.HomepageTest" name="checkMenuBarContact" time="0.224"/>
  <system-out/>
  <testcase classname="Academy.HomepageTest" name="menubarnav" time="2.200"/>
  <system-out/>
  <testcase classname="Academy.HomepageTest" name="FeatureTextCheck" time="0.034"/>
  <system-out/>
</testsuite> <!-- Academy.HomepageTest -->
