<?xml version="1.0" encoding="UTF-8"?>
<!-- Generated by org.testng.reporters.JUnitReportReporter -->
<testsuite hostname="DESKTOP-VLQ8BBP" failures="0" tests="2" name="Academy.Loginpagetest" time="3.063" errors="0" timestamp="2021-08-04T22:06:14 IST" skipped="0">
  <testcase classname="Academy.Loginpagetest" name="homepagelogin" time="2.044"/>
  <system-out/>
  <testcase classname="Academy.Loginpagetest" name="homepagelogin" time="1.019"/>
  <system-out/>
</testsuite> <!-- Academy.Loginpagetest -->
